<?xml version="1.0" encoding="UTF-8"?>
<!-- Generated by org.testng.reporters.JUnitReportReporter -->
<testsuite hostname="Kranthi-Z580" failures="0" tests="1" name="COM.Automation.autoPractice" time="39.794" errors="0" timestamp="2022-04-04T15:31:26 IST" skipped="0">
  <testcase classname="COM.Automation.autoPractice" name="autpractice" time="39.794"/>
  <system-out/>
</testsuite> <!-- COM.Automation.autoPractice -->
