<?xml version="1.0" encoding="UTF-8"?>
<!-- Generated by org.testng.reporters.JUnitReportReporter -->
<testsuite hostname="Kranthi-Z580" failures="0" tests="1" name="COM.JDBC.ExecutequeryTest" time="0.525" errors="0" timestamp="2022-03-23T13:01:36 IST" skipped="0">
  <testcase classname="COM.JDBC.ExecutequeryTest" name="executequer" time="0.525"/>
  <system-out/>
</testsuite> <!-- COM.JDBC.ExecutequeryTest -->
