<?xml version="1.0" encoding="UTF-8"?>
<!-- Generated by org.testng.reporters.JUnitReportReporter -->
<testsuite hostname="Kranthi-Z580" failures="0" tests="1" name="COM.ddt.ReadingDatafromPropertyfiletest" time="0.015" errors="0" timestamp="2022-03-21T14:48:28 IST" skipped="0">
  <testcase classname="COM.ddt.ReadingDatafromPropertyfiletest" name="readdatafrompropertyfile" time="0.015"/>
  <system-out/>
</testsuite> <!-- COM.ddt.ReadingDatafromPropertyfiletest -->
