<?xml version="1.0" encoding="UTF-8"?>
<!-- Generated by org.testng.reporters.JUnitReportReporter -->
<testsuite hostname="Kranthi-Z580" failures="0" tests="1" name="COM.JDBC.Executequeryusingtrycatch" time="0.470" errors="0" timestamp="2022-03-24T11:20:08 IST" skipped="0">
  <testcase classname="COM.JDBC.Executequeryusingtrycatch" name="executequerytrycatch" time="0.470"/>
  <system-out/>
</testsuite> <!-- COM.JDBC.Executequeryusingtrycatch -->
