<?xml version="1.0" encoding="UTF-8"?>
<!-- Generated by org.testng.reporters.JUnitReportReporter -->
<testsuite hostname="Kranthi-Z580" failures="0" tests="1" name="COM.ddt.ReadingDatafromxmltest" time="0.015" errors="0" timestamp="2022-03-24T13:47:15 IST" skipped="0">
  <testcase classname="COM.ddt.ReadingDatafromxmltest" name="readingdatafromxmltest" time="0.015"/>
  <system-out/>
</testsuite> <!-- COM.ddt.ReadingDatafromxmltest -->
