<?xml version="1.0" encoding="UTF-8"?>
<!-- Generated by org.testng.reporters.JUnitReportReporter -->
<testsuite hostname="Kranthi-Z580" failures="0" tests="1" name="COM.JDBC.ExecuteUpdateTest" time="0.471" errors="0" timestamp="2022-03-24T11:17:16 IST" skipped="0">
  <testcase classname="COM.JDBC.ExecuteUpdateTest" name="executeupdatest" time="0.471"/>
  <system-out/>
</testsuite> <!-- COM.JDBC.ExecuteUpdateTest -->
