<?xml version="1.0" encoding="UTF-8"?>
<!-- Generated by org.testng.reporters.JUnitReportReporter -->
<testsuite hostname="Kranthi-Z580" failures="0" tests="1" name="COM.ddt.ReadingDatafromjsontest" time="0.025" errors="0" timestamp="2022-03-22T12:06:38 IST" skipped="0">
  <testcase classname="COM.ddt.ReadingDatafromjsontest" name="readingdatajson" time="0.025"/>
  <system-out/>
</testsuite> <!-- COM.ddt.ReadingDatafromjsontest -->
